[debug] [2022-05-25T21:01:31.657Z] ----------------------------------------------------------------------
[debug] [2022-05-25T21:01:31.660Z] Command:       C:\Program Files\nodejs\node.exe C:\Users\mehed\AppData\Roaming\npm\node_modules\firebase-tools\lib\bin\firebase.js init
[debug] [2022-05-25T21:01:31.661Z] CLI Version:   11.0.1
[debug] [2022-05-25T21:01:31.661Z] Platform:      win32
[debug] [2022-05-25T21:01:31.661Z] Node Version:  v16.13.1
[debug] [2022-05-25T21:01:31.662Z] Time:          Thu May 26 2022 03:01:31 GMT+0600 (Bangladesh Standard Time)
[debug] [2022-05-25T21:01:31.662Z] ----------------------------------------------------------------------
[debug] 
[debug] [2022-05-25T21:01:31.666Z] >>> [apiv2][query] GET https://firebase-public.firebaseio.com/cli.json [none]
[debug] [2022-05-25T21:01:31.692Z] > command requires scopes: ["email","openid","https://www.googleapis.com/auth/cloudplatformprojects.readonly","https://www.googleapis.com/auth/firebase","https://www.googleapis.com/auth/cloud-platform"]
[debug] [2022-05-25T21:01:31.692Z] > authorizing via signed-in user (mehedihassanrifat.3@gmail.com)
[info] 
     ######## #### ########  ######## ########     ###     ######  ########
     ##        ##  ##     ## ##       ##     ##  ##   ##  ##       ##
     ######    ##  ########  ######   ########  #########  ######  ######
     ##        ##  ##    ##  ##       ##     ## ##     ##       ## ##
     ##       #### ##     ## ######## ########  ##     ##  ######  ########

You're about to initialize a Firebase project in this directory:

  C:\Projects\Assignment11\sportswear-city-client-side

Before we get started, keep in mind:

  * You are currently outside your home directory

[debug] [2022-05-25T21:01:33.140Z] <<< [apiv2][status] GET https://firebase-public.firebaseio.com/cli.json 200
[debug] [2022-05-25T21:01:33.141Z] <<< [apiv2][body] GET https://firebase-public.firebaseio.com/cli.json {"cloudBuildErrorAfter":1594252800000,"cloudBuildWarnAfter":1590019200000,"defaultNode10After":1594252800000,"minVersion":"3.0.5","node8DeploysDisabledAfter":1613390400000,"node8RuntimeDisabledAfter":1615809600000,"node8WarnAfter":1600128000000}
